::1 - - [01/Apr/2021:15:10:34 +0300] "GET / HTTP/1.1" 200 161
::1 - - [01/Apr/2021:15:10:34 +0300] "GET /favicon.ico HTTP/1.1" 404 196
::1 - - [01/Apr/2021:15:11:25 +0300] "GET / HTTP/1.1" 200 8746
::1 - - [01/Apr/2021:15:11:25 +0300] "GET /styles/reset.css HTTP/1.1" 404 196
::1 - - [01/Apr/2021:15:11:25 +0300] "GET /styles/styles.css HTTP/1.1" 404 196
::1 - - [01/Apr/2021:15:11:25 +0300] "GET /scripts/external.js HTTP/1.1" 404 196
::1 - - [01/Apr/2021:15:11:25 +0300] "GET /images/bg.svg HTTP/1.1" 404 196
::1 - - [01/Apr/2021:15:11:59 +0300] "GET / HTTP/1.1" 304 -
::1 - - [01/Apr/2021:15:11:59 +0300] "GET /styles/reset.css HTTP/1.1" 200 4562
::1 - - [01/Apr/2021:15:11:59 +0300] "GET /styles/styles.css HTTP/1.1" 200 3366
::1 - - [01/Apr/2021:15:11:59 +0300] "GET /scripts/external.js HTTP/1.1" 200 1086
::1 - - [01/Apr/2021:15:11:59 +0300] "GET /images/bg.svg HTTP/1.1" 200 279
::1 - - [01/Apr/2021:15:12:04 +0300] "POST /cgi-bin/my_action.py HTTP/1.1" 404 196
::1 - - [01/Apr/2021:15:12:09 +0300] "POST /cgi-bin/my_action.py HTTP/1.1" 404 196
::1 - - [01/Apr/2021:15:12:15 +0300] "POST /cgi-bin/my_action.py HTTP/1.1" 404 196
::1 - - [01/Apr/2021:15:14:31 +0300] "GET / HTTP/1.1" 304 -
::1 - - [01/Apr/2021:15:14:35 +0300] "POST /cgi-bin/my_action.py HTTP/1.1" 404 196
::1 - - [01/Apr/2021:15:14:49 +0300] "POST /cgi-bin/my_action.py HTTP/1.1" 404 196
::1 - - [01/Apr/2021:15:19:59 +0300] "GET / HTTP/1.1" 304 -
::1 - - [01/Apr/2021:15:20:06 +0300] "POST /cgi-bin/my_action.py HTTP/1.1" 404 196
::1 - - [01/Apr/2021:15:20:10 +0300] "POST /cgi-bin/my_action.py HTTP/1.1" 404 196
::1 - - [01/Apr/2021:15:25:53 +0300] "GET / HTTP/1.1" 200 8747
::1 - - [01/Apr/2021:15:25:59 +0300] "POST /cgi-bin/my_action.py HTTP/1.1" 404 196
::1 - - [01/Apr/2021:15:26:39 +0300] "POST /cgi-bin/my_action.py HTTP/1.1" 404 196
::1 - - [01/Apr/2021:15:26:44 +0300] "POST /cgi-bin/my_action.py HTTP/1.1" 404 196
::1 - - [01/Apr/2021:15:26:47 +0300] "GET / HTTP/1.1" 200 8748
::1 - - [01/Apr/2021:15:26:54 +0300] "POST /cgi-bin/my_action.cgi HTTP/1.1" 404 196
::1 - - [01/Apr/2021:15:30:10 +0300] "GET / HTTP/1.1" 304 -
::1 - - [01/Apr/2021:15:30:16 +0300] "POST /cgi-bin/my_action.cgi HTTP/1.1" 404 196
::1 - - [01/Apr/2021:15:35:29 +0300] "GET / HTTP/1.1" 304 -
::1 - - [01/Apr/2021:15:35:34 +0300] "POST /cgi-bin/my_action.cgi HTTP/1.1" 404 196
::1 - - [01/Apr/2021:15:36:15 +0300] "POST /cgi-bin/my_action.cgi HTTP/1.1" 404 196
::1 - - [01/Apr/2021:15:36:18 +0300] "GET / HTTP/1.1" 200 8747
::1 - - [01/Apr/2021:15:36:22 +0300] "POST /cgi-bin/my_action.py HTTP/1.1" 404 196
::1 - - [01/Apr/2021:15:44:58 +0300] "GET / HTTP/1.1" 304 -
::1 - - [01/Apr/2021:15:44:58 +0300] "GET /styles/reset.css HTTP/1.1" 304 -
::1 - - [01/Apr/2021:15:44:58 +0300] "GET /styles/styles.css HTTP/1.1" 304 -
::1 - - [01/Apr/2021:15:44:58 +0300] "GET /scripts/external.js HTTP/1.1" 304 -
::1 - - [01/Apr/2021:15:44:58 +0300] "GET /images/bg.svg HTTP/1.1" 304 -
::1 - - [01/Apr/2021:15:45:03 +0300] "POST /cgi-bin/my_action.py HTTP/1.1" 404 196
::1 - - [01/Apr/2021:15:45:40 +0300] "GET / HTTP/1.1" 304 -
::1 - - [01/Apr/2021:15:45:45 +0300] "POST /cgi-bin/my_action.py HTTP/1.1" 404 196
::1 - - [01/Apr/2021:15:54:26 +0300] "GET / HTTP/1.1" 200 8838
::1 - - [01/Apr/2021:15:54:29 +0300] "GET / HTTP/1.1" 304 -
::1 - - [01/Apr/2021:15:54:34 +0300] "POST /localhost/cgi-bin/my_action.py HTTP/1.1" 404 196
::1 - - [01/Apr/2021:15:55:58 +0300] "POST /localhost/cgi-bin/my_action.py HTTP/1.1" 404 196
::1 - - [01/Apr/2021:15:56:01 +0300] "GET / HTTP/1.1" 200 8850
::1 - - [01/Apr/2021:15:56:02 +0300] "GET / HTTP/1.1" 304 -
::1 - - [01/Apr/2021:15:56:02 +0300] "GET / HTTP/1.1" 304 -
::1 - - [01/Apr/2021:15:56:02 +0300] "GET / HTTP/1.1" 304 -
::1 - - [01/Apr/2021:15:56:02 +0300] "GET / HTTP/1.1" 304 -
::1 - - [01/Apr/2021:16:08:38 +0300] "GET / HTTP/1.1" 200 8869
::1 - - [01/Apr/2021:16:10:38 +0300] "GET / HTTP/1.1" 200 9085
::1 - - [01/Apr/2021:16:11:45 +0300] "GET / HTTP/1.1" 200 9085
::1 - - [01/Apr/2021:16:12:06 +0300] "GET / HTTP/1.1" 304 -
::1 - - [01/Apr/2021:16:12:29 +0300] "GET / HTTP/1.1" 304 -
::1 - - [01/Apr/2021:16:13:56 +0300] "GET /styles/styles.css HTTP/1.1" 304 -
::1 - - [01/Apr/2021:16:13:56 +0300] "GET /styles/reset.css HTTP/1.1" 304 -
::1 - - [01/Apr/2021:16:16:13 +0300] "GET / HTTP/1.1" 200 9084
::1 - - [01/Apr/2021:16:16:13 +0300] "GET /scripts/external.js HTTP/1.1" 200 2074
::1 - - [01/Apr/2021:16:16:13 +0300] "GET /images/bg.svg HTTP/1.1" 304 -
::1 - - [01/Apr/2021:16:17:02 +0300] "GET / HTTP/1.1" 200 9300
::1 - - [01/Apr/2021:16:17:02 +0300] "GET /scripts/external.js HTTP/1.1" 304 -
::1 - - [01/Apr/2021:16:19:37 +0300] "GET / HTTP/1.1" 200 9308
::1 - - [01/Apr/2021:16:19:37 +0300] "GET /scripts/external.js HTTP/1.1" 304 -
::1 - - [01/Apr/2021:16:19:43 +0300] "GET / HTTP/1.1" 304 -
::1 - - [01/Apr/2021:16:27:18 +0300] "GET / HTTP/1.1" 200 9367
::1 - - [01/Apr/2021:16:27:18 +0300] "GET /scripts/external.js HTTP/1.1" 304 -
::1 - - [01/Apr/2021:16:37:46 +0300] "GET / HTTP/1.1" 200 9912
::1 - - [01/Apr/2021:16:37:46 +0300] "GET /scripts/external.js HTTP/1.1" 304 -
::1 - - [01/Apr/2021:16:41:24 +0300] "GET / HTTP/1.1" 200 9910
::1 - - [01/Apr/2021:16:41:24 +0300] "GET /scripts/external.js HTTP/1.1" 304 -
::1 - - [01/Apr/2021:16:44:39 +0300] "GET / HTTP/1.1" 200 9879
::1 - - [01/Apr/2021:16:44:39 +0300] "GET /scripts/external.js HTTP/1.1" 304 -
::1 - - [01/Apr/2021:16:44:39 +0300] "GET / HTTP/1.1" 304 -
::1 - - [01/Apr/2021:16:45:15 +0300] "GET / HTTP/1.1" 200 9848
::1 - - [01/Apr/2021:16:45:28 +0300] "GET / HTTP/1.1" 304 -
::1 - - [01/Apr/2021:16:45:28 +0300] "GET /styles/reset.css HTTP/1.1" 304 -
::1 - - [01/Apr/2021:16:45:28 +0300] "GET /styles/styles.css HTTP/1.1" 304 -
::1 - - [01/Apr/2021:16:45:32 +0300] "GET / HTTP/1.1" 304 -
::1 - - [01/Apr/2021:16:54:46 +0300] "GET / HTTP/1.1" 200 9876
::1 - - [01/Apr/2021:16:54:46 +0300] "GET /scripts/external.js HTTP/1.1" 200 1582
::1 - - [01/Apr/2021:16:54:46 +0300] "GET /images/bg.svg HTTP/1.1" 304 -
::1 - - [01/Apr/2021:16:55:32 +0300] "GET / HTTP/1.1" 304 -
::1 - - [01/Apr/2021:16:55:32 +0300] "GET /scripts/external.js HTTP/1.1" 304 -
::1 - - [01/Apr/2021:16:56:01 +0300] "GET / HTTP/1.1" 200 9876
::1 - - [01/Apr/2021:16:56:59 +0300] "GET / HTTP/1.1" 200 9875
::1 - - [01/Apr/2021:16:56:59 +0300] "GET /scripts/external.js HTTP/1.1" 200 1792
::1 - - [01/Apr/2021:16:58:09 +0300] "GET / HTTP/1.1" 200 9883
::1 - - [01/Apr/2021:16:58:09 +0300] "GET /scripts/external.js HTTP/1.1" 304 -
::1 - - [01/Apr/2021:16:59:37 +0300] "GET / HTTP/1.1" 200 9825
::1 - - [01/Apr/2021:16:59:37 +0300] "GET /scripts/external.js HTTP/1.1" 304 -
::1 - - [01/Apr/2021:17:01:07 +0300] "GET / HTTP/1.1" 200 9903
::1 - - [01/Apr/2021:17:01:07 +0300] "GET /scripts/external.js HTTP/1.1" 304 -
::1 - - [01/Apr/2021:17:02:24 +0300] "GET / HTTP/1.1" 304 -
::1 - - [01/Apr/2021:17:02:24 +0300] "GET /scripts/external.js HTTP/1.1" 200 1822
::1 - - [01/Apr/2021:17:02:52 +0300] "GET / HTTP/1.1" 304 -
::1 - - [01/Apr/2021:17:02:52 +0300] "GET /scripts/external.js HTTP/1.1" 200 1819
::1 - - [01/Apr/2021:17:03:58 +0300] "GET / HTTP/1.1" 200 9904
::1 - - [01/Apr/2021:17:03:58 +0300] "GET /scripts/external.js HTTP/1.1" 304 -
::1 - - [01/Apr/2021:17:04:17 +0300] "GET / HTTP/1.1" 200 9904
::1 - - [01/Apr/2021:17:04:17 +0300] "GET /scripts/external.js HTTP/1.1" 200 1819
::1 - - [01/Apr/2021:17:04:27 +0300] "GET / HTTP/1.1" 304 -
::1 - - [01/Apr/2021:17:04:27 +0300] "GET /scripts/external.js HTTP/1.1" 304 -
::1 - - [01/Apr/2021:17:04:42 +0300] "GET / HTTP/1.1" 304 -
::1 - - [01/Apr/2021:17:04:42 +0300] "GET /scripts/external.js HTTP/1.1" 200 1819
::1 - - [01/Apr/2021:17:05:09 +0300] "GET / HTTP/1.1" 200 9903
::1 - - [01/Apr/2021:17:05:09 +0300] "GET /scripts/external.js HTTP/1.1" 200 1796
::1 - - [01/Apr/2021:17:05:38 +0300] "GET / HTTP/1.1" 200 9903
::1 - - [01/Apr/2021:17:05:38 +0300] "GET /scripts/external.js HTTP/1.1" 200 1818
::1 - - [01/Apr/2021:17:08:09 +0300] "GET / HTTP/1.1" 304 -
::1 - - [01/Apr/2021:17:08:10 +0300] "GET /scripts/external.js HTTP/1.1" 304 -
::1 - - [01/Apr/2021:17:08:19 +0300] "GET / HTTP/1.1" 304 -
::1 - - [01/Apr/2021:17:08:27 +0300] "GET / HTTP/1.1" 304 -
::1 - - [01/Apr/2021:17:08:27 +0300] "GET /scripts/external.js HTTP/1.1" 200 1818
::1 - - [01/Apr/2021:17:08:54 +0300] "GET / HTTP/1.1" 304 -
::1 - - [01/Apr/2021:17:08:54 +0300] "GET /scripts/external.js HTTP/1.1" 304 -
